<?xml version="1.0" encoding="UTF-8"?>
<!-- Generated by org.testng.reporters.JUnitReportReporter -->
<testsuite hostname="LAPTOP-9T512FU2" failures="0" tests="1" name="assertion.Assert" time="7.903" errors="0" timestamp="2022-03-29T11:32:34 IST" skipped="0">
  <testcase classname="assertion.Assert" name="assertTest" time="7.903"/>
  <system-out/>
</testsuite> <!-- assertion.Assert -->
