<?xml version="1.0" encoding="UTF-8"?>
<!-- Generated by org.testng.reporters.JUnitReportReporter -->
<testsuite hostname="LAPTOP-9T512FU2" failures="0" tests="1" name="a_selenium_Project.A_OrangeHrmLogin" time="10.260" errors="0" timestamp="2022-03-26T16:42:23 IST" skipped="0">
  <testcase classname="a_selenium_Project.A_OrangeHrmLogin" name="logintest" time="10.260"/>
  <system-out/>
</testsuite> <!-- a_selenium_Project.A_OrangeHrmLogin -->
