<?xml version="1.0" encoding="UTF-8"?>
<!-- Generated by org.testng.reporters.JUnitReportReporter -->
<testsuite hostname="LAPTOP-9T512FU2" failures="0" tests="1" name="TestClass" time="0.007" errors="0" timestamp="2022-03-26T14:07:48 IST" skipped="0">
  <testcase classname="TestClass" name="so" time="0.007"/>
  <system-out/>
</testsuite> <!-- TestClass -->
