<?xml version="1.0" encoding="UTF-8"?>
<!-- Generated by org.testng.reporters.JUnitReportReporter -->
<testsuite hostname="LAPTOP-9T512FU2" failures="0" tests="2" name="c_Annotations.AnnotationTest2" time="6.736" errors="0" timestamp="2022-03-30T21:42:52 IST" skipped="0">
  <testcase classname="c_Annotations.AnnotationTest2" name="LauchOrangeHRM" time="4.768"/>
  <system-out/>
  <testcase classname="c_Annotations.AnnotationTest2" name="Login" time="1.968"/>
  <system-out/>
</testsuite> <!-- c_Annotations.AnnotationTest2 -->
