<?xml version="1.0" encoding="UTF-8"?>
<!-- Generated by org.testng.reporters.JUnitReportReporter -->
<testsuite hostname="LAPTOP-9T512FU2" failures="0" tests="1" name="c_Annotations.AnnotationTest1" time="0.008" errors="0" timestamp="2022-03-29T18:16:37 IST" skipped="0">
  <testcase classname="c_Annotations.AnnotationTest1" name="testMethod" time="0.008"/>
  <system-out/>
</testsuite> <!-- c_Annotations.AnnotationTest1 -->
