<?xml version="1.0" encoding="UTF-8"?>
<!-- Generated by org.testng.reporters.JUnitReportReporter -->
<testsuite hostname="LAPTOP-9T512FU2" failures="0" tests="2" name="I_CrossBrowserTest.CrossBrowserTesting" time="45.817" errors="0" timestamp="2022-06-01T07:53:36 IST" skipped="0">
  <testcase classname="I_CrossBrowserTest.CrossBrowserTesting" name="broswerRunning" time="38.621"/>
  <system-out/>
  <testcase classname="I_CrossBrowserTest.CrossBrowserTesting" name="broswerRunning" time="7.196"/>
  <system-out/>
</testsuite> <!-- I_CrossBrowserTest.CrossBrowserTesting -->
