<?xml version="1.0" encoding="UTF-8"?>
<!-- Generated by org.testng.reporters.JUnitReportReporter -->
<testsuite hostname="LAPTOP-9T512FU2" failures="0" tests="2" name="D_Group_TheTC.A_TestA" time="0.004" errors="0" timestamp="2022-05-26T05:49:52 IST" skipped="0">
  <testcase classname="D_Group_TheTC.A_TestA" name="LoginVerify" time="0.002"/>
  <system-out>
    <![CDATA[login is regression successfully]]>
  </system-out>
  <testcase classname="D_Group_TheTC.A_TestA" name="NewTabOpen" time="0.002"/>
  <system-out>
    <![CDATA[new tab open smoke successfully ]]>
  </system-out>
</testsuite> <!-- D_Group_TheTC.A_TestA -->
