<?xml version="1.0" encoding="UTF-8"?>
<!-- Generated by org.testng.reporters.JUnitReportReporter -->
<testsuite hostname="LAPTOP-9T512FU2" failures="0" tests="1" name="D_Group_TheTC.C_Global" time="12.395" errors="0" timestamp="2022-05-26T05:49:52 IST" skipped="0">
  <testcase classname="D_Group_TheTC.C_Global" name="lauchBrowser" time="12.395"/>
  <system-out>
    <![CDATA[global Success]]>
  </system-out>
</testsuite> <!-- D_Group_TheTC.C_Global -->
