<?xml version="1.0" encoding="UTF-8"?>
<!-- Generated by org.testng.reporters.JUnitReportReporter -->
<testsuite hostname="LAPTOP-9T512FU2" failures="0" tests="1" name="TestJava1.DashBoardTC" time="9.593" errors="0" timestamp="2022-05-10T11:18:51 IST" skipped="0">
  <testcase classname="TestJava1.DashBoardTC" name="VerifySwithToNewTab" time="9.593"/>
  <system-out>
    <![CDATA[VerifySwithToNewTab success]]>
  </system-out>
</testsuite> <!-- TestJava1.DashBoardTC -->
